<?xml version="1.0" encoding="UTF-8"?>
<!-- Generated by org.testng.reporters.JUnitReportReporter -->
<testsuite hostname="DESKTOP-PGE2TJE" failures="0" tests="1" name="testCases.LoginPageTest" time="4.018" errors="0" timestamp="2020-07-20T12:46:15 CEST" skipped="0">
  <testcase classname="testCases.LoginPageTest" name="Test" time="4.018"/>
  <system-out/>
</testsuite> <!-- testCases.LoginPageTest -->
