<?xml version="1.0" encoding="UTF-8"?>
<!-- Generated by org.testng.reporters.JUnitReportReporter -->
<testsuite hostname="DESKTOP-PGE2TJE" failures="0" tests="1" name="testCases.Test1" time="8.244" errors="0" timestamp="2020-07-21T13:38:45 CEST" skipped="0">
  <testcase classname="testCases.Test1" name="TestLogin" time="8.244"/>
  <system-out/>
</testsuite> <!-- testCases.Test1 -->
